<?xml version="1.0" encoding="utf-8"?><testsuites name="pytest tests"><testsuite name="pytest" errors="0" failures="0" skipped="0" tests="10" time="14.420" timestamp="2026-07-29T16:26:30.931890+00:00" hostname="agent-env-752c03b3-c78a-462e-b7aa-a7e704763953"><testcase classname="tests.backend_test.TestStatus" name="test_api_root" time="2.572" /><testcase classname="tests.backend_test.TestAsk" name="test_ask_text_only" time="7.846" /><testcase classname="tests.backend_test.TestStatus" name="test_status_returns_has_index_boolean" time="5.273" /><testcase classname="tests.backend_test.TestPdfUpload" name="test_upload_pdf_success" time="5.450" /><testcase classname="tests.backend_test.TestAsk" name="test_ask_with_image_multimodal" time="5.449" /><testcase classname="tests.backend_test.TestAsk" name="test_ask_empty_question_rejected" time="0.075" /><testcase classname="tests.backend_test.TestPdfUpload" name="test_upload_pdf_rejects_non_pdf" time="0.066" /><testcase classname="tests.backend_test.TestImageUpload" name="test_upload_image_success" time="0.075" /><testcase classname="tests.backend_test.TestReset" name="test_reset_clears_index" time="0.202" /><testcase classname="tests.backend_test.TestImageUpload" name="test_upload_image_rejects_bad_ext" time="0.096" /></testsuite></testsuites>